<testsuites name="All tests" tests="5" failures="0">
    <testsuite name="WebKitBrowserUITests.WebKitBrowserUITests" tests="1" failures="0">
        <testcase classname="WebKitBrowserUITests.WebKitBrowserUITests" name="testLocalhost" time="6.229" />
    </testsuite>
    <testsuite name="WebKitBrowserUITests.WebKitBrowserUITestsLaunchTests" tests="4" failures="0">
        <testcase classname="WebKitBrowserUITests.WebKitBrowserUITestsLaunchTests" name="testLaunch" time="7.644" />
        <testcase classname="WebKitBrowserUITests.WebKitBrowserUITestsLaunchTests" name="testLaunch" time="8.189" />
        <testcase classname="WebKitBrowserUITests.WebKitBrowserUITestsLaunchTests" name="testLaunch" time="6.468" />
        <testcase classname="WebKitBrowserUITests.WebKitBrowserUITestsLaunchTests" name="testLaunch" time="7.902" />
    </testsuite>
</testsuites>